#-----------------------------------------------------------
# Vivado v2018.2 (64-bit)
# SW Build 2258646 on Thu Jun 14 20:03:12 MDT 2018
# IP Build 2256618 on Thu Jun 14 22:10:49 MDT 2018
# Start of session at: Mon Mar 22 22:05:27 2021
# Process ID: 5300
# Current directory: C:/Users/ZZ/2026labs/SoundDisplay
# Command line: vivado.exe -gui_launcher_event rodinguilauncherevent1940 C:\Users\ZZ\2026labs\SoundDisplay\SoundDisplay.xpr
# Log file: C:/Users/ZZ/2026labs/SoundDisplay/vivado.log
# Journal file: C:/Users/ZZ/2026labs/SoundDisplay\vivado.jou
#-----------------------------------------------------------
start_gui
open_project C:/Users/ZZ/2026labs/SoundDisplay/SoundDisplay.xpr
Scanning sources...
Finished scanning sources
INFO: [IP_Flow 19-234] Refreshing IP repositories
INFO: [IP_Flow 19-1704] No user IP repositories specified
INFO: [IP_Flow 19-2313] Loaded Vivado IP repository 'C:/Xilinx/Vivado/2018.2/data/ip'.
open_project: Time (s): cpu = 00:00:20 ; elapsed = 00:00:11 . Memory (MB): peak = 796.840 ; gain = 82.117
update_compile_order -fileset sources_1
exit
INFO: [Common 17-206] Exiting Vivado at Mon Mar 22 22:06:15 2021...
