#-----------------------------------------------------------
# Vivado v2018.2 (64-bit)
# SW Build 2258646 on Thu Jun 14 20:03:12 MDT 2018
# IP Build 2256618 on Thu Jun 14 22:10:49 MDT 2018
# Start of session at: Mon Mar 29 20:37:02 2021
# Process ID: 13968
# Current directory: C:/Users/reali/EE2026_Digital_Design_Project/EE2026_Digital_Design_Project
# Command line: vivado.exe -gui_launcher_event rodinguilauncherevent20036 C:\Users\reali\EE2026_Digital_Design_Project\EE2026_Digital_Design_Project\SoundDisplay.xpr
# Log file: C:/Users/reali/EE2026_Digital_Design_Project/EE2026_Digital_Design_Project/vivado.log
# Journal file: C:/Users/reali/EE2026_Digital_Design_Project/EE2026_Digital_Design_Project\vivado.jou
#-----------------------------------------------------------
start_gui
open_project C:/Users/reali/EE2026_Digital_Design_Project/EE2026_Digital_Design_Project/SoundDisplay.xpr
Scanning sources...
Finished scanning sources
INFO: [IP_Flow 19-234] Refreshing IP repositories
INFO: [IP_Flow 19-1704] No user IP repositories specified
INFO: [IP_Flow 19-2313] Loaded Vivado IP repository 'C:/Xilinx/Vivado/2018.2/data/ip'.
open_project: Time (s): cpu = 00:00:18 ; elapsed = 00:00:08 . Memory (MB): peak = 909.539 ; gain = 178.059
update_compile_order -fileset sources_1
exit
INFO: [Common 17-206] Exiting Vivado at Mon Mar 29 20:50:10 2021...
