#-----------------------------------------------------------
# Vivado v2018.2 (64-bit)
# SW Build 2258646 on Thu Jun 14 20:03:12 MDT 2018
# IP Build 2256618 on Thu Jun 14 22:10:49 MDT 2018
# Start of session at: Mon Mar 22 22:19:54 2021
# Process ID: 3560
# Current directory: C:/Users/ZZ/Desktop/EE2026_Digital_Design_Project
# Command line: vivado.exe -gui_launcher_event rodinguilauncherevent268 C:\Users\ZZ\Desktop\EE2026_Digital_Design_Project\SoundDisplay.xpr
# Log file: C:/Users/ZZ/Desktop/EE2026_Digital_Design_Project/vivado.log
# Journal file: C:/Users/ZZ/Desktop/EE2026_Digital_Design_Project\vivado.jou
#-----------------------------------------------------------
start_gui
open_project C:/Users/ZZ/Desktop/EE2026_Digital_Design_Project/SoundDisplay.xpr
INFO: [Project 1-313] Project file moved from 'C:/Users/ZZ/2026labs/SoundDisplay' since last save.
Scanning sources...
Finished scanning sources
INFO: [IP_Flow 19-234] Refreshing IP repositories
INFO: [IP_Flow 19-1704] No user IP repositories specified
INFO: [IP_Flow 19-2313] Loaded Vivado IP repository 'C:/Xilinx/Vivado/2018.2/data/ip'.
open_project: Time (s): cpu = 00:00:11 ; elapsed = 00:00:06 . Memory (MB): peak = 858.469 ; gain = 138.711
update_compile_order -fileset sources_1
exit
INFO: [Common 17-206] Exiting Vivado at Mon Mar 22 22:22:39 2021...
